<?xml version="1.0" encoding="UTF-8"?>
<!-- Generated by org.testng.reporters.JUnitXMLReporter -->
<testsuite hostname="DESKTOP-FG4NO16" ignored="0" name="Test" tests="1" failures="1" timestamp="2021-03-12T16:50:44 IST" time="11.07" errors="0">
  <testcase name="LoginApp" time="1.007" classname="com.sgtesting.testcase.LoginTestCRM">
    <failure type="java.lang.NullPointerException">
      <![CDATA[java.lang.NullPointerException
at com.sgtesting.utility.ExcelDataProvider.getStringData(ExcelDataProvider.java:29)
at com.sgtesting.testcase.LoginTestCRM.LoginApp(LoginTestCRM.java:21)
at java.util.ArrayList.forEach(Unknown Source)
... Removed 27 stack frames]]>
    </failure>
  </testcase> <!-- LoginApp -->
</testsuite> <!-- Test -->
