<?xml version="1.0" encoding="UTF-8"?>
<testng-results skipped="0" failed="0" ignored="0" total="0" passed="0">
  <reporter-output>
  </reporter-output>
  <suite name="com.appium.com.com.appium.com.AppTest" duration-ms="8" started-at="2021-03-28T13:42:01Z" finished-at="2021-03-28T13:42:01Z">
    <groups>
    </groups>
    <test name="Command line test" duration-ms="8" started-at="2021-03-28T13:42:01Z" finished-at="2021-03-28T13:42:01Z">
    </test> <!-- Command line test -->
  </suite> <!-- com.appium.com.com.appium.com.AppTest -->
</testng-results>
