<?xml version="1.0" encoding="UTF-8"?>
<!-- Generated by org.testng.reporters.JUnitXMLReporter -->
<testsuite hostname="DESKTOP-FG4NO16" ignored="0" name="testng" tests="30" failures="0" timestamp="2021-03-08T19:04:06 IST" time="275.498" errors="0">
  <testcase name="B_navigate" time="3.503" classname="com.sgtesting.actitime.Assingment1"/>
  <testcase name="C_login" time="13.507" classname="com.sgtesting.actitime.Assingment1"/>
  <testcase name="D_createUser" time="23.478" classname="com.sgtesting.actitime.Assingment1"/>
  <testcase name="E_modifyUser" time="1.25" classname="com.sgtesting.actitime.Assingment1"/>
  <testcase name="F_DeleteUser" time="0.036" classname="com.sgtesting.actitime.Assingment1"/>
  <testcase name="G_logout" time="1.14" classname="com.sgtesting.actitime.Assingment1"/>
  <testcase name="AA_Login" time="8.337" classname="com.sgtesting.actitime.Assignment2"/>
  <testcase name="BB_createUser" time="18.37" classname="com.sgtesting.actitime.Assignment2"/>
  <testcase name="CC_DeleteUser" time="12.288" classname="com.sgtesting.actitime.Assignment2"/>
  <testcase name="AA_Login" time="8.39" classname="com.sgtesting.actitime.Assignment3"/>
  <testcase name="BB_createUser" time="17.583" classname="com.sgtesting.actitime.Assignment3"/>
  <testcase name="CC_ModifyUser" time="0.044" classname="com.sgtesting.actitime.Assignment3"/>
  <testcase name="DD_DeleteUser" time="12.29" classname="com.sgtesting.actitime.Assignment3"/>
  <testcase name="aLogin" time="8.408" classname="com.sgtesting.actitime.Assignment4"/>
  <testcase name="bcreateCustomer" time="10.799" classname="com.sgtesting.actitime.Assignment4"/>
  <testcase name="cModifyCustomer" time="0.029" classname="com.sgtesting.actitime.Assignment4"/>
  <testcase name="dDeleteCustomer" time="0.03" classname="com.sgtesting.actitime.Assignment4"/>
  <testcase name="aaLogin" time="8.638" classname="com.sgtesting.actitime.Assignment5"/>
  <testcase name="bbcreateCustomer" time="13.42" classname="com.sgtesting.actitime.Assignment5"/>
  <testcase name="ccDeleteCustomer" time="8.42" classname="com.sgtesting.actitime.Assignment5"/>
  <testcase name="aLogin" time="6.434" classname="com.sgtesting.actitime.Assignment6"/>
  <testcase name="bcreateCustomer" time="11.254" classname="com.sgtesting.actitime.Assignment6"/>
  <testcase name="cCreateProject" time="8.489" classname="com.sgtesting.actitime.Assignment6"/>
  <testcase name="dDeleteProject" time="8.647" classname="com.sgtesting.actitime.Assignment6"/>
  <testcase name="eDeleteCustomer" time="8.5" classname="com.sgtesting.actitime.Assignment6"/>
  <testcase name="aaLogin" time="6.483" classname="com.sgtesting.actitime.Assignment7"/>
  <testcase name="bbcreateCustomer" time="12.219" classname="com.sgtesting.actitime.Assignment7"/>
  <testcase name="ccCreateProject" time="12.214" classname="com.sgtesting.actitime.Assignment7"/>
  <testcase name="ddDeleteProject" time="12.181" classname="com.sgtesting.actitime.Assignment7"/>
  <testcase name="eeDeleteCustomer" time="12.203" classname="com.sgtesting.actitime.Assignment7"/>
</testsuite> <!-- testng -->
