<?xml version="1.0" encoding="UTF-8"?>
<!-- Generated by org.testng.reporters.JUnitXMLReporter -->
<testsuite hostname="DESKTOP-FG4NO16" ignored="0" name="Default test" tests="6" failures="0" timestamp="2021-02-21T12:12:52 IST" time="46.184" errors="0">
  <testcase name="B_navigate" time="4.397" classname="com.sgtesting.actitime.Assingment1"/>
  <testcase name="C_login" time="7.692" classname="com.sgtesting.actitime.Assingment1"/>
  <testcase name="D_createUser" time="10.889" classname="com.sgtesting.actitime.Assingment1"/>
  <testcase name="E_modifyUser" time="7.113" classname="com.sgtesting.actitime.Assingment1"/>
  <testcase name="F_DeleteUser" time="0.034" classname="com.sgtesting.actitime.Assingment1"/>
  <testcase name="G_logout" time="5.312" classname="com.sgtesting.actitime.Assingment1"/>
</testsuite> <!-- Default test -->
